2019-01-09 10:38:23,056 [INFO] from play.api.db.DefaultDBApi in play-dev-mode-akka.actor.default-dispatcher-6 - Database [default] initialized at jdbc:mysql://localhost:3306/prueba?serverTimezone=UTC
2019-01-09 10:38:23,064 [INFO] from application in play-dev-mode-akka.actor.default-dispatcher-6 - Creating Pool for datasource 'default'
2019-01-09 10:38:23,319 [INFO] from play.api.db.HikariCPConnectionPool in play-dev-mode-akka.actor.default-dispatcher-6 - datasource [default] bound to JNDI as DefaultDS
2019-01-09 10:38:24,454 [INFO] from play.api.http.EnabledFilters in play-dev-mode-akka.actor.default-dispatcher-6 - Enabled Filters (see <https://www.playframework.com/documentation/latest/Filters>):

    play.filters.csrf.CSRFFilter
    play.filters.headers.SecurityHeadersFilter
    play.filters.hosts.AllowedHostsFilter

2019-01-09 10:38:24,503 [INFO] from play.api.Play in play-dev-mode-akka.actor.default-dispatcher-6 - Application started (Dev)
2019-01-09 10:38:38,718 [WARN] from org.hibernate.engine.jdbc.spi.SqlExceptionHelper in application-database.dispatcher-10 - SQL Error: 1062, SQLState: 23000
2019-01-09 10:38:38,719 [ERROR] from org.hibernate.engine.jdbc.spi.SqlExceptionHelper in application-database.dispatcher-10 - Duplicate entry 'da4373' for key 'PRIMARY'
2019-01-09 10:38:38,721 [ERROR] from org.hibernate.internal.ExceptionMapperStandardImpl in application-database.dispatcher-10 - HHH000346: Error during managed flush [org.hibernate.exception.ConstraintViolationException: could not execute statement]
2019-01-09 10:38:40,821 [WARN] from org.hibernate.engine.jdbc.spi.SqlExceptionHelper in application-database.dispatcher-11 - SQL Error: 1062, SQLState: 23000
2019-01-09 10:38:40,821 [ERROR] from org.hibernate.engine.jdbc.spi.SqlExceptionHelper in application-database.dispatcher-11 - Duplicate entry 'da4373' for key 'PRIMARY'
2019-01-09 10:38:40,822 [ERROR] from org.hibernate.internal.ExceptionMapperStandardImpl in application-database.dispatcher-11 - HHH000346: Error during managed flush [org.hibernate.exception.ConstraintViolationException: could not execute statement]
2019-01-09 10:44:34,966 [INFO] from application in application-akka.actor.default-dispatcher-12 - Shutting down connection pool.
2019-01-09 10:44:35,116 [INFO] from play.api.db.DefaultDBApi in play-dev-mode-akka.actor.default-dispatcher-10 - Database [default] initialized at jdbc:mysql://localhost:3306/prueba?serverTimezone=UTC
2019-01-09 10:44:35,116 [INFO] from application in play-dev-mode-akka.actor.default-dispatcher-10 - Creating Pool for datasource 'default'
2019-01-09 10:44:35,123 [INFO] from play.api.db.HikariCPConnectionPool in play-dev-mode-akka.actor.default-dispatcher-10 - datasource [default] bound to JNDI as DefaultDS
2019-01-09 10:44:35,269 [INFO] from play.api.http.EnabledFilters in play-dev-mode-akka.actor.default-dispatcher-10 - Enabled Filters (see <https://www.playframework.com/documentation/latest/Filters>):

    play.filters.csrf.CSRFFilter
    play.filters.headers.SecurityHeadersFilter
    play.filters.hosts.AllowedHostsFilter

2019-01-09 10:44:35,275 [INFO] from play.api.Play in play-dev-mode-akka.actor.default-dispatcher-10 - Application started (Dev)
2019-01-09 10:44:53,057 [ERROR] from org.hibernate.hql.internal.ast.ErrorCounter in application-database.dispatcher-8 - line 1:8: unexpected token: FROM
2019-01-09 10:44:53,060 [ERROR] from org.hibernate.hql.internal.ast.ErrorCounter in application-database.dispatcher-8 - line 1:8: unexpected token: FROM
antlr.NoViableAltException: unexpected token: FROM
	at org.hibernate.hql.internal.antlr.HqlBaseParser.selectClause(HqlBaseParser.java:1263)
	at org.hibernate.hql.internal.antlr.HqlBaseParser.selectFrom(HqlBaseParser.java:1040)
	at org.hibernate.hql.internal.antlr.HqlBaseParser.queryRule(HqlBaseParser.java:748)
	at org.hibernate.hql.internal.antlr.HqlBaseParser.selectStatement(HqlBaseParser.java:319)
	at org.hibernate.hql.internal.antlr.HqlBaseParser.statement(HqlBaseParser.java:198)
	at org.hibernate.hql.internal.ast.QueryTranslatorImpl.parse(QueryTranslatorImpl.java:284)
	at org.hibernate.hql.internal.ast.QueryTranslatorImpl.doCompile(QueryTranslatorImpl.java:186)
	at org.hibernate.hql.internal.ast.QueryTranslatorImpl.compile(QueryTranslatorImpl.java:141)
	at org.hibernate.engine.query.spi.HQLQueryPlan.<init>(HQLQueryPlan.java:115)
	at org.hibernate.engine.query.spi.HQLQueryPlan.<init>(HQLQueryPlan.java:77)
	at org.hibernate.engine.query.spi.QueryPlanCache.getHQLQueryPlan(QueryPlanCache.java:153)
	at org.hibernate.internal.AbstractSharedSessionContract.getQueryPlan(AbstractSharedSessionContract.java:553)
	at org.hibernate.internal.AbstractSharedSessionContract.createQuery(AbstractSharedSessionContract.java:662)
	at org.hibernate.internal.AbstractSharedSessionContract.createQuery(AbstractSharedSessionContract.java:686)
	at org.hibernate.internal.AbstractSessionImpl.createQuery(AbstractSessionImpl.java:23)
	at infrastructure.repository.VehiculoRepositoryImpl.select(VehiculoRepositoryImpl.java:70)
	at infrastructure.repository.VehiculoRepositoryImpl.lambda$null$8(VehiculoRepositoryImpl.java:46)
	at play.db.jpa.DefaultJPAApi.withTransaction(DefaultJPAApi.java:142)
	at play.db.jpa.DefaultJPAApi.withTransaction(DefaultJPAApi.java:100)
	at infrastructure.repository.VehiculoRepositoryImpl.wrap(VehiculoRepositoryImpl.java:50)
	at infrastructure.repository.VehiculoRepositoryImpl.lambda$select$9(VehiculoRepositoryImpl.java:46)
	at java.util.concurrent.CompletableFuture$AsyncSupply.run(CompletableFuture.java:1590)
	at akka.dispatch.TaskInvocation.run(AbstractDispatcher.scala:40)
	at java.util.concurrent.ThreadPoolExecutor.runWorker(ThreadPoolExecutor.java:1149)
	at java.util.concurrent.ThreadPoolExecutor$Worker.run(ThreadPoolExecutor.java:624)
	at java.lang.Thread.run(Thread.java:748)
2019-01-09 10:44:53,066 [ERROR] from application in application-akka.actor.default-dispatcher-3 - 

! @7afpmhng6 - Internal server error, for (GET) [/vehiculos/da4373] ->
 
play.api.http.HttpErrorHandlerExceptions$$anon$1: Execution exception[[CompletionException: java.lang.IllegalArgumentException: org.hibernate.hql.internal.ast.QuerySyntaxException: unexpected token: FROM near line 1, column 8 [SELECT FROM domain.model.Vehiculo AS p WHERE p.placa=:placa]]]
	at play.api.http.HttpErrorHandlerExceptions$.throwableToUsefulException(HttpErrorHandler.scala:251)
	at play.api.http.DefaultHttpErrorHandler.onServerError(HttpErrorHandler.scala:178)
	at play.core.server.AkkaHttpServer$$anonfun$1.applyOrElse(AkkaHttpServer.scala:382)
	at play.core.server.AkkaHttpServer$$anonfun$1.applyOrElse(AkkaHttpServer.scala:380)
	at scala.concurrent.Future.$anonfun$recoverWith$1(Future.scala:413)
	at scala.concurrent.impl.Promise.$anonfun$transformWith$1(Promise.scala:37)
	at scala.concurrent.impl.CallbackRunnable.run(Promise.scala:60)
	at akka.dispatch.BatchingExecutor$AbstractBatch.processBatch(BatchingExecutor.scala:55)
	at akka.dispatch.BatchingExecutor$BlockableBatch.$anonfun$run$1(BatchingExecutor.scala:91)
	at scala.runtime.java8.JFunction0$mcV$sp.apply(JFunction0$mcV$sp.java:12)
	at scala.concurrent.BlockContext$.withBlockContext(BlockContext.scala:81)
	at akka.dispatch.BatchingExecutor$BlockableBatch.run(BatchingExecutor.scala:91)
	at akka.dispatch.TaskInvocation.run(AbstractDispatcher.scala:40)
	at akka.dispatch.ForkJoinExecutorConfigurator$AkkaForkJoinTask.exec(ForkJoinExecutorConfigurator.scala:44)
	at akka.dispatch.forkjoin.ForkJoinTask.doExec(ForkJoinTask.java:260)
	at akka.dispatch.forkjoin.ForkJoinPool$WorkQueue.runTask(ForkJoinPool.java:1339)
	at akka.dispatch.forkjoin.ForkJoinPool.runWorker(ForkJoinPool.java:1979)
	at akka.dispatch.forkjoin.ForkJoinWorkerThread.run(ForkJoinWorkerThread.java:107)
Caused by: java.util.concurrent.CompletionException: java.lang.IllegalArgumentException: org.hibernate.hql.internal.ast.QuerySyntaxException: unexpected token: FROM near line 1, column 8 [SELECT FROM domain.model.Vehiculo AS p WHERE p.placa=:placa]
	at java.util.concurrent.CompletableFuture.encodeThrowable(CompletableFuture.java:273)
	at java.util.concurrent.CompletableFuture.completeThrowable(CompletableFuture.java:280)
	at java.util.concurrent.CompletableFuture$AsyncSupply.run(CompletableFuture.java:1592)
	at akka.dispatch.TaskInvocation.run(AbstractDispatcher.scala:40)
	at java.util.concurrent.ThreadPoolExecutor.runWorker(ThreadPoolExecutor.java:1149)
	at java.util.concurrent.ThreadPoolExecutor$Worker.run(ThreadPoolExecutor.java:624)
	at java.lang.Thread.run(Thread.java:748)
Caused by: java.lang.IllegalArgumentException: org.hibernate.hql.internal.ast.QuerySyntaxException: unexpected token: FROM near line 1, column 8 [SELECT FROM domain.model.Vehiculo AS p WHERE p.placa=:placa]
	at org.hibernate.internal.ExceptionConverterImpl.convert(ExceptionConverterImpl.java:133)
	at org.hibernate.internal.ExceptionConverterImpl.convert(ExceptionConverterImpl.java:157)
	at org.hibernate.internal.ExceptionConverterImpl.convert(ExceptionConverterImpl.java:164)
	at org.hibernate.internal.AbstractSharedSessionContract.createQuery(AbstractSharedSessionContract.java:670)
	at org.hibernate.internal.AbstractSharedSessionContract.createQuery(AbstractSharedSessionContract.java:686)
	at org.hibernate.internal.AbstractSessionImpl.createQuery(AbstractSessionImpl.java:23)
	at infrastructure.repository.VehiculoRepositoryImpl.select(VehiculoRepositoryImpl.java:70)
	at infrastructure.repository.VehiculoRepositoryImpl.lambda$null$8(VehiculoRepositoryImpl.java:46)
	at play.db.jpa.DefaultJPAApi.withTransaction(DefaultJPAApi.java:142)
	at play.db.jpa.DefaultJPAApi.withTransaction(DefaultJPAApi.java:100)
	at infrastructure.repository.VehiculoRepositoryImpl.wrap(VehiculoRepositoryImpl.java:50)
	at infrastructure.repository.VehiculoRepositoryImpl.lambda$select$9(VehiculoRepositoryImpl.java:46)
	at java.util.concurrent.CompletableFuture$AsyncSupply.run(CompletableFuture.java:1590)
	... 4 common frames omitted
Caused by: org.hibernate.hql.internal.ast.QuerySyntaxException: unexpected token: FROM near line 1, column 8 [SELECT FROM domain.model.Vehiculo AS p WHERE p.placa=:placa]
	at org.hibernate.hql.internal.ast.QuerySyntaxException.convert(QuerySyntaxException.java:74)
	at org.hibernate.hql.internal.ast.ErrorCounter.throwQueryException(ErrorCounter.java:91)
	at org.hibernate.hql.internal.ast.QueryTranslatorImpl.parse(QueryTranslatorImpl.java:291)
	at org.hibernate.hql.internal.ast.QueryTranslatorImpl.doCompile(QueryTranslatorImpl.java:186)
	at org.hibernate.hql.internal.ast.QueryTranslatorImpl.compile(QueryTranslatorImpl.java:141)
	at org.hibernate.engine.query.spi.HQLQueryPlan.<init>(HQLQueryPlan.java:115)
	at org.hibernate.engine.query.spi.HQLQueryPlan.<init>(HQLQueryPlan.java:77)
	at org.hibernate.engine.query.spi.QueryPlanCache.getHQLQueryPlan(QueryPlanCache.java:153)
	at org.hibernate.internal.AbstractSharedSessionContract.getQueryPlan(AbstractSharedSessionContract.java:553)
	at org.hibernate.internal.AbstractSharedSessionContract.createQuery(AbstractSharedSessionContract.java:662)
	... 13 common frames omitted
2019-01-09 10:45:12,872 [WARN] from org.hibernate.engine.jdbc.spi.SqlExceptionHelper in application-database.dispatcher-10 - SQL Error: 1062, SQLState: 23000
2019-01-09 10:45:12,872 [ERROR] from org.hibernate.engine.jdbc.spi.SqlExceptionHelper in application-database.dispatcher-10 - Duplicate entry 'da4373' for key 'PRIMARY'
2019-01-09 10:45:12,872 [ERROR] from org.hibernate.internal.ExceptionMapperStandardImpl in application-database.dispatcher-10 - HHH000346: Error during managed flush [org.hibernate.exception.ConstraintViolationException: could not execute statement]
2019-01-09 10:45:37,707 [INFO] from application in application-akka.actor.default-dispatcher-13 - Shutting down connection pool.
2019-01-09 10:45:37,842 [INFO] from play.api.db.DefaultDBApi in play-dev-mode-akka.actor.default-dispatcher-10 - Database [default] initialized at jdbc:mysql://localhost:3306/prueba?serverTimezone=UTC
2019-01-09 10:45:37,842 [INFO] from application in play-dev-mode-akka.actor.default-dispatcher-10 - Creating Pool for datasource 'default'
2019-01-09 10:45:37,850 [INFO] from play.api.db.HikariCPConnectionPool in play-dev-mode-akka.actor.default-dispatcher-10 - datasource [default] bound to JNDI as DefaultDS
2019-01-09 10:45:37,979 [INFO] from play.api.http.EnabledFilters in play-dev-mode-akka.actor.default-dispatcher-10 - Enabled Filters (see <https://www.playframework.com/documentation/latest/Filters>):

    play.filters.csrf.CSRFFilter
    play.filters.headers.SecurityHeadersFilter
    play.filters.hosts.AllowedHostsFilter

2019-01-09 10:45:37,984 [INFO] from play.api.Play in play-dev-mode-akka.actor.default-dispatcher-10 - Application started (Dev)
2019-01-09 10:45:37,997 [WARN] from org.hibernate.engine.jdbc.spi.SqlExceptionHelper in application-database.dispatcher-7 - SQL Error: 1062, SQLState: 23000
2019-01-09 10:45:37,998 [ERROR] from org.hibernate.engine.jdbc.spi.SqlExceptionHelper in application-database.dispatcher-7 - Duplicate entry 'da4373' for key 'PRIMARY'
2019-01-09 10:45:37,998 [ERROR] from org.hibernate.internal.ExceptionMapperStandardImpl in application-database.dispatcher-7 - HHH000346: Error during managed flush [org.hibernate.exception.ConstraintViolationException: could not execute statement]
2019-01-09 10:47:41,066 [ERROR] from org.hibernate.hql.internal.ast.ErrorCounter in application-database.dispatcher-17 - line 1:8: unexpected token: FROM
2019-01-09 10:47:41,066 [ERROR] from org.hibernate.hql.internal.ast.ErrorCounter in application-database.dispatcher-17 - line 1:8: unexpected token: FROM
antlr.NoViableAltException: unexpected token: FROM
	at org.hibernate.hql.internal.antlr.HqlBaseParser.selectClause(HqlBaseParser.java:1263)
	at org.hibernate.hql.internal.antlr.HqlBaseParser.selectFrom(HqlBaseParser.java:1040)
	at org.hibernate.hql.internal.antlr.HqlBaseParser.queryRule(HqlBaseParser.java:748)
	at org.hibernate.hql.internal.antlr.HqlBaseParser.selectStatement(HqlBaseParser.java:319)
	at org.hibernate.hql.internal.antlr.HqlBaseParser.statement(HqlBaseParser.java:198)
	at org.hibernate.hql.internal.ast.QueryTranslatorImpl.parse(QueryTranslatorImpl.java:284)
	at org.hibernate.hql.internal.ast.QueryTranslatorImpl.doCompile(QueryTranslatorImpl.java:186)
	at org.hibernate.hql.internal.ast.QueryTranslatorImpl.compile(QueryTranslatorImpl.java:141)
	at org.hibernate.engine.query.spi.HQLQueryPlan.<init>(HQLQueryPlan.java:115)
	at org.hibernate.engine.query.spi.HQLQueryPlan.<init>(HQLQueryPlan.java:77)
	at org.hibernate.engine.query.spi.QueryPlanCache.getHQLQueryPlan(QueryPlanCache.java:153)
	at org.hibernate.internal.AbstractSharedSessionContract.getQueryPlan(AbstractSharedSessionContract.java:553)
	at org.hibernate.internal.AbstractSharedSessionContract.createQuery(AbstractSharedSessionContract.java:662)
	at org.hibernate.internal.AbstractSharedSessionContract.createQuery(AbstractSharedSessionContract.java:686)
	at org.hibernate.internal.AbstractSessionImpl.createQuery(AbstractSessionImpl.java:23)
	at infrastructure.repository.VehiculoRepositoryImpl.select(VehiculoRepositoryImpl.java:70)
	at infrastructure.repository.VehiculoRepositoryImpl.lambda$null$8(VehiculoRepositoryImpl.java:46)
	at play.db.jpa.DefaultJPAApi.withTransaction(DefaultJPAApi.java:142)
	at play.db.jpa.DefaultJPAApi.withTransaction(DefaultJPAApi.java:100)
	at infrastructure.repository.VehiculoRepositoryImpl.wrap(VehiculoRepositoryImpl.java:50)
	at infrastructure.repository.VehiculoRepositoryImpl.lambda$select$9(VehiculoRepositoryImpl.java:46)
	at java.util.concurrent.CompletableFuture$AsyncSupply.run(CompletableFuture.java:1590)
	at akka.dispatch.TaskInvocation.run(AbstractDispatcher.scala:40)
	at java.util.concurrent.ThreadPoolExecutor.runWorker(ThreadPoolExecutor.java:1149)
	at java.util.concurrent.ThreadPoolExecutor$Worker.run(ThreadPoolExecutor.java:624)
	at java.lang.Thread.run(Thread.java:748)
2019-01-09 10:47:41,068 [ERROR] from application in application-akka.actor.default-dispatcher-11 - 

! @7afpn1c3n - Internal server error, for (GET) [/vehiculos/da4373] ->
 
play.api.http.HttpErrorHandlerExceptions$$anon$1: Execution exception[[CompletionException: java.lang.IllegalArgumentException: org.hibernate.hql.internal.ast.QuerySyntaxException: unexpected token: FROM near line 1, column 8 [SELECT FROM domain.model.Vehiculo AS p WHERE p.placa=:placa]]]
	at play.api.http.HttpErrorHandlerExceptions$.throwableToUsefulException(HttpErrorHandler.scala:251)
	at play.api.http.DefaultHttpErrorHandler.onServerError(HttpErrorHandler.scala:178)
	at play.core.server.AkkaHttpServer$$anonfun$1.applyOrElse(AkkaHttpServer.scala:382)
	at play.core.server.AkkaHttpServer$$anonfun$1.applyOrElse(AkkaHttpServer.scala:380)
	at scala.concurrent.Future.$anonfun$recoverWith$1(Future.scala:413)
	at scala.concurrent.impl.Promise.$anonfun$transformWith$1(Promise.scala:37)
	at scala.concurrent.impl.CallbackRunnable.run(Promise.scala:60)
	at akka.dispatch.BatchingExecutor$AbstractBatch.processBatch(BatchingExecutor.scala:55)
	at akka.dispatch.BatchingExecutor$BlockableBatch.$anonfun$run$1(BatchingExecutor.scala:91)
	at scala.runtime.java8.JFunction0$mcV$sp.apply(JFunction0$mcV$sp.java:12)
	at scala.concurrent.BlockContext$.withBlockContext(BlockContext.scala:81)
	at akka.dispatch.BatchingExecutor$BlockableBatch.run(BatchingExecutor.scala:91)
	at akka.dispatch.TaskInvocation.run(AbstractDispatcher.scala:40)
	at akka.dispatch.ForkJoinExecutorConfigurator$AkkaForkJoinTask.exec(ForkJoinExecutorConfigurator.scala:44)
	at akka.dispatch.forkjoin.ForkJoinTask.doExec(ForkJoinTask.java:260)
	at akka.dispatch.forkjoin.ForkJoinPool$WorkQueue.runTask(ForkJoinPool.java:1339)
	at akka.dispatch.forkjoin.ForkJoinPool.runWorker(ForkJoinPool.java:1979)
	at akka.dispatch.forkjoin.ForkJoinWorkerThread.run(ForkJoinWorkerThread.java:107)
Caused by: java.util.concurrent.CompletionException: java.lang.IllegalArgumentException: org.hibernate.hql.internal.ast.QuerySyntaxException: unexpected token: FROM near line 1, column 8 [SELECT FROM domain.model.Vehiculo AS p WHERE p.placa=:placa]
	at java.util.concurrent.CompletableFuture.encodeThrowable(CompletableFuture.java:273)
	at java.util.concurrent.CompletableFuture.completeThrowable(CompletableFuture.java:280)
	at java.util.concurrent.CompletableFuture$AsyncSupply.run(CompletableFuture.java:1592)
	at akka.dispatch.TaskInvocation.run(AbstractDispatcher.scala:40)
	at java.util.concurrent.ThreadPoolExecutor.runWorker(ThreadPoolExecutor.java:1149)
	at java.util.concurrent.ThreadPoolExecutor$Worker.run(ThreadPoolExecutor.java:624)
	at java.lang.Thread.run(Thread.java:748)
Caused by: java.lang.IllegalArgumentException: org.hibernate.hql.internal.ast.QuerySyntaxException: unexpected token: FROM near line 1, column 8 [SELECT FROM domain.model.Vehiculo AS p WHERE p.placa=:placa]
	at org.hibernate.internal.ExceptionConverterImpl.convert(ExceptionConverterImpl.java:133)
	at org.hibernate.internal.ExceptionConverterImpl.convert(ExceptionConverterImpl.java:157)
	at org.hibernate.internal.ExceptionConverterImpl.convert(ExceptionConverterImpl.java:164)
	at org.hibernate.internal.AbstractSharedSessionContract.createQuery(AbstractSharedSessionContract.java:670)
	at org.hibernate.internal.AbstractSharedSessionContract.createQuery(AbstractSharedSessionContract.java:686)
	at org.hibernate.internal.AbstractSessionImpl.createQuery(AbstractSessionImpl.java:23)
	at infrastructure.repository.VehiculoRepositoryImpl.select(VehiculoRepositoryImpl.java:70)
	at infrastructure.repository.VehiculoRepositoryImpl.lambda$null$8(VehiculoRepositoryImpl.java:46)
	at play.db.jpa.DefaultJPAApi.withTransaction(DefaultJPAApi.java:142)
	at play.db.jpa.DefaultJPAApi.withTransaction(DefaultJPAApi.java:100)
	at infrastructure.repository.VehiculoRepositoryImpl.wrap(VehiculoRepositoryImpl.java:50)
	at infrastructure.repository.VehiculoRepositoryImpl.lambda$select$9(VehiculoRepositoryImpl.java:46)
	at java.util.concurrent.CompletableFuture$AsyncSupply.run(CompletableFuture.java:1590)
	... 4 common frames omitted
Caused by: org.hibernate.hql.internal.ast.QuerySyntaxException: unexpected token: FROM near line 1, column 8 [SELECT FROM domain.model.Vehiculo AS p WHERE p.placa=:placa]
	at org.hibernate.hql.internal.ast.QuerySyntaxException.convert(QuerySyntaxException.java:74)
	at org.hibernate.hql.internal.ast.ErrorCounter.throwQueryException(ErrorCounter.java:91)
	at org.hibernate.hql.internal.ast.QueryTranslatorImpl.parse(QueryTranslatorImpl.java:291)
	at org.hibernate.hql.internal.ast.QueryTranslatorImpl.doCompile(QueryTranslatorImpl.java:186)
	at org.hibernate.hql.internal.ast.QueryTranslatorImpl.compile(QueryTranslatorImpl.java:141)
	at org.hibernate.engine.query.spi.HQLQueryPlan.<init>(HQLQueryPlan.java:115)
	at org.hibernate.engine.query.spi.HQLQueryPlan.<init>(HQLQueryPlan.java:77)
	at org.hibernate.engine.query.spi.QueryPlanCache.getHQLQueryPlan(QueryPlanCache.java:153)
	at org.hibernate.internal.AbstractSharedSessionContract.getQueryPlan(AbstractSharedSessionContract.java:553)
	at org.hibernate.internal.AbstractSharedSessionContract.createQuery(AbstractSharedSessionContract.java:662)
	... 13 common frames omitted
2019-01-09 10:47:42,974 [ERROR] from org.hibernate.hql.internal.ast.ErrorCounter in application-database.dispatcher-18 - line 1:8: unexpected token: FROM
2019-01-09 10:47:42,974 [ERROR] from org.hibernate.hql.internal.ast.ErrorCounter in application-database.dispatcher-18 - line 1:8: unexpected token: FROM
antlr.NoViableAltException: unexpected token: FROM
	at org.hibernate.hql.internal.antlr.HqlBaseParser.selectClause(HqlBaseParser.java:1263)
	at org.hibernate.hql.internal.antlr.HqlBaseParser.selectFrom(HqlBaseParser.java:1040)
	at org.hibernate.hql.internal.antlr.HqlBaseParser.queryRule(HqlBaseParser.java:748)
	at org.hibernate.hql.internal.antlr.HqlBaseParser.selectStatement(HqlBaseParser.java:319)
	at org.hibernate.hql.internal.antlr.HqlBaseParser.statement(HqlBaseParser.java:198)
	at org.hibernate.hql.internal.ast.QueryTranslatorImpl.parse(QueryTranslatorImpl.java:284)
	at org.hibernate.hql.internal.ast.QueryTranslatorImpl.doCompile(QueryTranslatorImpl.java:186)
	at org.hibernate.hql.internal.ast.QueryTranslatorImpl.compile(QueryTranslatorImpl.java:141)
	at org.hibernate.engine.query.spi.HQLQueryPlan.<init>(HQLQueryPlan.java:115)
	at org.hibernate.engine.query.spi.HQLQueryPlan.<init>(HQLQueryPlan.java:77)
	at org.hibernate.engine.query.spi.QueryPlanCache.getHQLQueryPlan(QueryPlanCache.java:153)
	at org.hibernate.internal.AbstractSharedSessionContract.getQueryPlan(AbstractSharedSessionContract.java:553)
	at org.hibernate.internal.AbstractSharedSessionContract.createQuery(AbstractSharedSessionContract.java:662)
	at org.hibernate.internal.AbstractSharedSessionContract.createQuery(AbstractSharedSessionContract.java:686)
	at org.hibernate.internal.AbstractSessionImpl.createQuery(AbstractSessionImpl.java:23)
	at infrastructure.repository.VehiculoRepositoryImpl.select(VehiculoRepositoryImpl.java:70)
	at infrastructure.repository.VehiculoRepositoryImpl.lambda$null$8(VehiculoRepositoryImpl.java:46)
	at play.db.jpa.DefaultJPAApi.withTransaction(DefaultJPAApi.java:142)
	at play.db.jpa.DefaultJPAApi.withTransaction(DefaultJPAApi.java:100)
	at infrastructure.repository.VehiculoRepositoryImpl.wrap(VehiculoRepositoryImpl.java:50)
	at infrastructure.repository.VehiculoRepositoryImpl.lambda$select$9(VehiculoRepositoryImpl.java:46)
	at java.util.concurrent.CompletableFuture$AsyncSupply.run(CompletableFuture.java:1590)
	at akka.dispatch.TaskInvocation.run(AbstractDispatcher.scala:40)
	at java.util.concurrent.ThreadPoolExecutor.runWorker(ThreadPoolExecutor.java:1149)
	at java.util.concurrent.ThreadPoolExecutor$Worker.run(ThreadPoolExecutor.java:624)
	at java.lang.Thread.run(Thread.java:748)
2019-01-09 10:47:42,978 [ERROR] from application in application-akka.actor.default-dispatcher-11 - 

! @7afpn1ep8 - Internal server error, for (GET) [/vehiculos/da4373] ->
 
play.api.http.HttpErrorHandlerExceptions$$anon$1: Execution exception[[CompletionException: java.lang.IllegalArgumentException: org.hibernate.hql.internal.ast.QuerySyntaxException: unexpected token: FROM near line 1, column 8 [SELECT FROM domain.model.Vehiculo AS p WHERE p.placa=:placa]]]
	at play.api.http.HttpErrorHandlerExceptions$.throwableToUsefulException(HttpErrorHandler.scala:251)
	at play.api.http.DefaultHttpErrorHandler.onServerError(HttpErrorHandler.scala:178)
	at play.core.server.AkkaHttpServer$$anonfun$1.applyOrElse(AkkaHttpServer.scala:382)
	at play.core.server.AkkaHttpServer$$anonfun$1.applyOrElse(AkkaHttpServer.scala:380)
	at scala.concurrent.Future.$anonfun$recoverWith$1(Future.scala:413)
	at scala.concurrent.impl.Promise.$anonfun$transformWith$1(Promise.scala:37)
	at scala.concurrent.impl.CallbackRunnable.run(Promise.scala:60)
	at akka.dispatch.BatchingExecutor$AbstractBatch.processBatch(BatchingExecutor.scala:55)
	at akka.dispatch.BatchingExecutor$BlockableBatch.$anonfun$run$1(BatchingExecutor.scala:91)
	at scala.runtime.java8.JFunction0$mcV$sp.apply(JFunction0$mcV$sp.java:12)
	at scala.concurrent.BlockContext$.withBlockContext(BlockContext.scala:81)
	at akka.dispatch.BatchingExecutor$BlockableBatch.run(BatchingExecutor.scala:91)
	at akka.dispatch.TaskInvocation.run(AbstractDispatcher.scala:40)
	at akka.dispatch.ForkJoinExecutorConfigurator$AkkaForkJoinTask.exec(ForkJoinExecutorConfigurator.scala:44)
	at akka.dispatch.forkjoin.ForkJoinTask.doExec(ForkJoinTask.java:260)
	at akka.dispatch.forkjoin.ForkJoinPool$WorkQueue.runTask(ForkJoinPool.java:1339)
	at akka.dispatch.forkjoin.ForkJoinPool.runWorker(ForkJoinPool.java:1979)
	at akka.dispatch.forkjoin.ForkJoinWorkerThread.run(ForkJoinWorkerThread.java:107)
Caused by: java.util.concurrent.CompletionException: java.lang.IllegalArgumentException: org.hibernate.hql.internal.ast.QuerySyntaxException: unexpected token: FROM near line 1, column 8 [SELECT FROM domain.model.Vehiculo AS p WHERE p.placa=:placa]
	at java.util.concurrent.CompletableFuture.encodeThrowable(CompletableFuture.java:273)
	at java.util.concurrent.CompletableFuture.completeThrowable(CompletableFuture.java:280)
	at java.util.concurrent.CompletableFuture$AsyncSupply.run(CompletableFuture.java:1592)
	at akka.dispatch.TaskInvocation.run(AbstractDispatcher.scala:40)
	at java.util.concurrent.ThreadPoolExecutor.runWorker(ThreadPoolExecutor.java:1149)
	at java.util.concurrent.ThreadPoolExecutor$Worker.run(ThreadPoolExecutor.java:624)
	at java.lang.Thread.run(Thread.java:748)
Caused by: java.lang.IllegalArgumentException: org.hibernate.hql.internal.ast.QuerySyntaxException: unexpected token: FROM near line 1, column 8 [SELECT FROM domain.model.Vehiculo AS p WHERE p.placa=:placa]
	at org.hibernate.internal.ExceptionConverterImpl.convert(ExceptionConverterImpl.java:133)
	at org.hibernate.internal.ExceptionConverterImpl.convert(ExceptionConverterImpl.java:157)
	at org.hibernate.internal.ExceptionConverterImpl.convert(ExceptionConverterImpl.java:164)
	at org.hibernate.internal.AbstractSharedSessionContract.createQuery(AbstractSharedSessionContract.java:670)
	at org.hibernate.internal.AbstractSharedSessionContract.createQuery(AbstractSharedSessionContract.java:686)
	at org.hibernate.internal.AbstractSessionImpl.createQuery(AbstractSessionImpl.java:23)
	at infrastructure.repository.VehiculoRepositoryImpl.select(VehiculoRepositoryImpl.java:70)
	at infrastructure.repository.VehiculoRepositoryImpl.lambda$null$8(VehiculoRepositoryImpl.java:46)
	at play.db.jpa.DefaultJPAApi.withTransaction(DefaultJPAApi.java:142)
	at play.db.jpa.DefaultJPAApi.withTransaction(DefaultJPAApi.java:100)
	at infrastructure.repository.VehiculoRepositoryImpl.wrap(VehiculoRepositoryImpl.java:50)
	at infrastructure.repository.VehiculoRepositoryImpl.lambda$select$9(VehiculoRepositoryImpl.java:46)
	at java.util.concurrent.CompletableFuture$AsyncSupply.run(CompletableFuture.java:1590)
	... 4 common frames omitted
Caused by: org.hibernate.hql.internal.ast.QuerySyntaxException: unexpected token: FROM near line 1, column 8 [SELECT FROM domain.model.Vehiculo AS p WHERE p.placa=:placa]
	at org.hibernate.hql.internal.ast.QuerySyntaxException.convert(QuerySyntaxException.java:74)
	at org.hibernate.hql.internal.ast.ErrorCounter.throwQueryException(ErrorCounter.java:91)
	at org.hibernate.hql.internal.ast.QueryTranslatorImpl.parse(QueryTranslatorImpl.java:291)
	at org.hibernate.hql.internal.ast.QueryTranslatorImpl.doCompile(QueryTranslatorImpl.java:186)
	at org.hibernate.hql.internal.ast.QueryTranslatorImpl.compile(QueryTranslatorImpl.java:141)
	at org.hibernate.engine.query.spi.HQLQueryPlan.<init>(HQLQueryPlan.java:115)
	at org.hibernate.engine.query.spi.HQLQueryPlan.<init>(HQLQueryPlan.java:77)
	at org.hibernate.engine.query.spi.QueryPlanCache.getHQLQueryPlan(QueryPlanCache.java:153)
	at org.hibernate.internal.AbstractSharedSessionContract.getQueryPlan(AbstractSharedSessionContract.java:553)
	at org.hibernate.internal.AbstractSharedSessionContract.createQuery(AbstractSharedSessionContract.java:662)
	... 13 common frames omitted
2019-01-09 10:50:11,543 [INFO] from application in application-akka.actor.default-dispatcher-19 - Shutting down connection pool.
2019-01-09 10:50:11,689 [INFO] from play.api.db.DefaultDBApi in play-dev-mode-akka.actor.default-dispatcher-12 - Database [default] initialized at jdbc:mysql://localhost:3306/prueba?serverTimezone=UTC
2019-01-09 10:50:11,689 [INFO] from application in play-dev-mode-akka.actor.default-dispatcher-12 - Creating Pool for datasource 'default'
2019-01-09 10:50:11,698 [INFO] from play.api.db.HikariCPConnectionPool in play-dev-mode-akka.actor.default-dispatcher-12 - datasource [default] bound to JNDI as DefaultDS
2019-01-09 10:50:11,877 [INFO] from play.api.http.EnabledFilters in play-dev-mode-akka.actor.default-dispatcher-12 - Enabled Filters (see <https://www.playframework.com/documentation/latest/Filters>):

    play.filters.csrf.CSRFFilter
    play.filters.headers.SecurityHeadersFilter
    play.filters.hosts.AllowedHostsFilter

2019-01-09 10:50:11,884 [INFO] from play.api.Play in play-dev-mode-akka.actor.default-dispatcher-12 - Application started (Dev)
2019-01-09 10:50:11,898 [ERROR] from org.hibernate.hql.internal.ast.ErrorCounter in application-database.dispatcher-7 - line 1:8: unexpected token: *
2019-01-09 10:50:11,899 [ERROR] from org.hibernate.hql.internal.ast.ErrorCounter in application-database.dispatcher-7 - line 1:8: unexpected token: *
antlr.NoViableAltException: unexpected token: *
	at org.hibernate.hql.internal.antlr.HqlBaseParser.selectClause(HqlBaseParser.java:1263)
	at org.hibernate.hql.internal.antlr.HqlBaseParser.selectFrom(HqlBaseParser.java:1040)
	at org.hibernate.hql.internal.antlr.HqlBaseParser.queryRule(HqlBaseParser.java:748)
	at org.hibernate.hql.internal.antlr.HqlBaseParser.selectStatement(HqlBaseParser.java:319)
	at org.hibernate.hql.internal.antlr.HqlBaseParser.statement(HqlBaseParser.java:198)
	at org.hibernate.hql.internal.ast.QueryTranslatorImpl.parse(QueryTranslatorImpl.java:284)
	at org.hibernate.hql.internal.ast.QueryTranslatorImpl.doCompile(QueryTranslatorImpl.java:186)
	at org.hibernate.hql.internal.ast.QueryTranslatorImpl.compile(QueryTranslatorImpl.java:141)
	at org.hibernate.engine.query.spi.HQLQueryPlan.<init>(HQLQueryPlan.java:115)
	at org.hibernate.engine.query.spi.HQLQueryPlan.<init>(HQLQueryPlan.java:77)
	at org.hibernate.engine.query.spi.QueryPlanCache.getHQLQueryPlan(QueryPlanCache.java:153)
	at org.hibernate.internal.AbstractSharedSessionContract.getQueryPlan(AbstractSharedSessionContract.java:553)
	at org.hibernate.internal.AbstractSharedSessionContract.createQuery(AbstractSharedSessionContract.java:662)
	at org.hibernate.internal.AbstractSharedSessionContract.createQuery(AbstractSharedSessionContract.java:686)
	at org.hibernate.internal.AbstractSessionImpl.createQuery(AbstractSessionImpl.java:23)
	at infrastructure.repository.VehiculoRepositoryImpl.select(VehiculoRepositoryImpl.java:70)
	at infrastructure.repository.VehiculoRepositoryImpl.lambda$null$8(VehiculoRepositoryImpl.java:46)
	at play.db.jpa.DefaultJPAApi.withTransaction(DefaultJPAApi.java:142)
	at play.db.jpa.DefaultJPAApi.withTransaction(DefaultJPAApi.java:100)
	at infrastructure.repository.VehiculoRepositoryImpl.wrap(VehiculoRepositoryImpl.java:50)
	at infrastructure.repository.VehiculoRepositoryImpl.lambda$select$9(VehiculoRepositoryImpl.java:46)
	at java.util.concurrent.CompletableFuture$AsyncSupply.run(CompletableFuture.java:1590)
	at akka.dispatch.TaskInvocation.run(AbstractDispatcher.scala:40)
	at java.util.concurrent.ThreadPoolExecutor.runWorker(ThreadPoolExecutor.java:1149)
	at java.util.concurrent.ThreadPoolExecutor$Worker.run(ThreadPoolExecutor.java:624)
	at java.lang.Thread.run(Thread.java:748)
2019-01-09 10:50:11,901 [ERROR] from application in application-akka.actor.default-dispatcher-3 - 

! @7afpna173 - Internal server error, for (GET) [/vehiculos/da4373] ->
 
play.api.http.HttpErrorHandlerExceptions$$anon$1: Execution exception[[CompletionException: java.lang.IllegalArgumentException: org.hibernate.hql.internal.ast.QuerySyntaxException: unexpected token: * near line 1, column 8 [SELECT * FROM domain.model.Vehiculo AS p WHERE p.placa=:placa]]]
	at play.api.http.HttpErrorHandlerExceptions$.throwableToUsefulException(HttpErrorHandler.scala:251)
	at play.api.http.DefaultHttpErrorHandler.onServerError(HttpErrorHandler.scala:178)
	at play.core.server.AkkaHttpServer$$anonfun$1.applyOrElse(AkkaHttpServer.scala:382)
	at play.core.server.AkkaHttpServer$$anonfun$1.applyOrElse(AkkaHttpServer.scala:380)
	at scala.concurrent.Future.$anonfun$recoverWith$1(Future.scala:413)
	at scala.concurrent.impl.Promise.$anonfun$transformWith$1(Promise.scala:37)
	at scala.concurrent.impl.CallbackRunnable.run(Promise.scala:60)
	at akka.dispatch.BatchingExecutor$AbstractBatch.processBatch(BatchingExecutor.scala:55)
	at akka.dispatch.BatchingExecutor$BlockableBatch.$anonfun$run$1(BatchingExecutor.scala:91)
	at scala.runtime.java8.JFunction0$mcV$sp.apply(JFunction0$mcV$sp.java:12)
	at scala.concurrent.BlockContext$.withBlockContext(BlockContext.scala:81)
	at akka.dispatch.BatchingExecutor$BlockableBatch.run(BatchingExecutor.scala:91)
	at akka.dispatch.TaskInvocation.run(AbstractDispatcher.scala:40)
	at akka.dispatch.ForkJoinExecutorConfigurator$AkkaForkJoinTask.exec(ForkJoinExecutorConfigurator.scala:44)
	at akka.dispatch.forkjoin.ForkJoinTask.doExec(ForkJoinTask.java:260)
	at akka.dispatch.forkjoin.ForkJoinPool$WorkQueue.runTask(ForkJoinPool.java:1339)
	at akka.dispatch.forkjoin.ForkJoinPool.runWorker(ForkJoinPool.java:1979)
	at akka.dispatch.forkjoin.ForkJoinWorkerThread.run(ForkJoinWorkerThread.java:107)
Caused by: java.util.concurrent.CompletionException: java.lang.IllegalArgumentException: org.hibernate.hql.internal.ast.QuerySyntaxException: unexpected token: * near line 1, column 8 [SELECT * FROM domain.model.Vehiculo AS p WHERE p.placa=:placa]
	at java.util.concurrent.CompletableFuture.encodeThrowable(CompletableFuture.java:273)
	at java.util.concurrent.CompletableFuture.completeThrowable(CompletableFuture.java:280)
	at java.util.concurrent.CompletableFuture$AsyncSupply.run(CompletableFuture.java:1592)
	at akka.dispatch.TaskInvocation.run(AbstractDispatcher.scala:40)
	at java.util.concurrent.ThreadPoolExecutor.runWorker(ThreadPoolExecutor.java:1149)
	at java.util.concurrent.ThreadPoolExecutor$Worker.run(ThreadPoolExecutor.java:624)
	at java.lang.Thread.run(Thread.java:748)
Caused by: java.lang.IllegalArgumentException: org.hibernate.hql.internal.ast.QuerySyntaxException: unexpected token: * near line 1, column 8 [SELECT * FROM domain.model.Vehiculo AS p WHERE p.placa=:placa]
	at org.hibernate.internal.ExceptionConverterImpl.convert(ExceptionConverterImpl.java:133)
	at org.hibernate.internal.ExceptionConverterImpl.convert(ExceptionConverterImpl.java:157)
	at org.hibernate.internal.ExceptionConverterImpl.convert(ExceptionConverterImpl.java:164)
	at org.hibernate.internal.AbstractSharedSessionContract.createQuery(AbstractSharedSessionContract.java:670)
	at org.hibernate.internal.AbstractSharedSessionContract.createQuery(AbstractSharedSessionContract.java:686)
	at org.hibernate.internal.AbstractSessionImpl.createQuery(AbstractSessionImpl.java:23)
	at infrastructure.repository.VehiculoRepositoryImpl.select(VehiculoRepositoryImpl.java:70)
	at infrastructure.repository.VehiculoRepositoryImpl.lambda$null$8(VehiculoRepositoryImpl.java:46)
	at play.db.jpa.DefaultJPAApi.withTransaction(DefaultJPAApi.java:142)
	at play.db.jpa.DefaultJPAApi.withTransaction(DefaultJPAApi.java:100)
	at infrastructure.repository.VehiculoRepositoryImpl.wrap(VehiculoRepositoryImpl.java:50)
	at infrastructure.repository.VehiculoRepositoryImpl.lambda$select$9(VehiculoRepositoryImpl.java:46)
	at java.util.concurrent.CompletableFuture$AsyncSupply.run(CompletableFuture.java:1590)
	... 4 common frames omitted
Caused by: org.hibernate.hql.internal.ast.QuerySyntaxException: unexpected token: * near line 1, column 8 [SELECT * FROM domain.model.Vehiculo AS p WHERE p.placa=:placa]
	at org.hibernate.hql.internal.ast.QuerySyntaxException.convert(QuerySyntaxException.java:74)
	at org.hibernate.hql.internal.ast.ErrorCounter.throwQueryException(ErrorCounter.java:91)
	at org.hibernate.hql.internal.ast.QueryTranslatorImpl.parse(QueryTranslatorImpl.java:291)
	at org.hibernate.hql.internal.ast.QueryTranslatorImpl.doCompile(QueryTranslatorImpl.java:186)
	at org.hibernate.hql.internal.ast.QueryTranslatorImpl.compile(QueryTranslatorImpl.java:141)
	at org.hibernate.engine.query.spi.HQLQueryPlan.<init>(HQLQueryPlan.java:115)
	at org.hibernate.engine.query.spi.HQLQueryPlan.<init>(HQLQueryPlan.java:77)
	at org.hibernate.engine.query.spi.QueryPlanCache.getHQLQueryPlan(QueryPlanCache.java:153)
	at org.hibernate.internal.AbstractSharedSessionContract.getQueryPlan(AbstractSharedSessionContract.java:553)
	at org.hibernate.internal.AbstractSharedSessionContract.createQuery(AbstractSharedSessionContract.java:662)
	... 13 common frames omitted
2019-01-09 10:51:04,600 [INFO] from application in application-akka.actor.default-dispatcher-9 - Shutting down connection pool.
2019-01-09 10:51:04,709 [INFO] from play.api.db.DefaultDBApi in play-dev-mode-akka.actor.default-dispatcher-9 - Database [default] initialized at jdbc:mysql://localhost:3306/prueba?serverTimezone=UTC
2019-01-09 10:51:04,709 [INFO] from application in play-dev-mode-akka.actor.default-dispatcher-9 - Creating Pool for datasource 'default'
2019-01-09 10:51:04,715 [INFO] from play.api.db.HikariCPConnectionPool in play-dev-mode-akka.actor.default-dispatcher-9 - datasource [default] bound to JNDI as DefaultDS
2019-01-09 10:51:04,844 [INFO] from play.api.http.EnabledFilters in play-dev-mode-akka.actor.default-dispatcher-9 - Enabled Filters (see <https://www.playframework.com/documentation/latest/Filters>):

    play.filters.csrf.CSRFFilter
    play.filters.headers.SecurityHeadersFilter
    play.filters.hosts.AllowedHostsFilter

2019-01-09 10:51:04,849 [INFO] from play.api.Play in play-dev-mode-akka.actor.default-dispatcher-9 - Application started (Dev)
2019-01-09 10:51:15,106 [ERROR] from application in application-akka.actor.default-dispatcher-5 - 

! @7afpndgk3 - Internal server error, for (GET) [/vehiculos/da4373] ->
 
play.api.http.HttpErrorHandlerExceptions$$anon$1: Execution exception[[CompletionException: javax.persistence.NoResultException: No entity found for query]]
	at play.api.http.HttpErrorHandlerExceptions$.throwableToUsefulException(HttpErrorHandler.scala:251)
	at play.api.http.DefaultHttpErrorHandler.onServerError(HttpErrorHandler.scala:178)
	at play.core.server.AkkaHttpServer$$anonfun$1.applyOrElse(AkkaHttpServer.scala:382)
	at play.core.server.AkkaHttpServer$$anonfun$1.applyOrElse(AkkaHttpServer.scala:380)
	at scala.concurrent.Future.$anonfun$recoverWith$1(Future.scala:413)
	at scala.concurrent.impl.Promise.$anonfun$transformWith$1(Promise.scala:37)
	at scala.concurrent.impl.CallbackRunnable.run(Promise.scala:60)
	at akka.dispatch.BatchingExecutor$AbstractBatch.processBatch(BatchingExecutor.scala:55)
	at akka.dispatch.BatchingExecutor$BlockableBatch.$anonfun$run$1(BatchingExecutor.scala:91)
	at scala.runtime.java8.JFunction0$mcV$sp.apply(JFunction0$mcV$sp.java:12)
	at scala.concurrent.BlockContext$.withBlockContext(BlockContext.scala:81)
	at akka.dispatch.BatchingExecutor$BlockableBatch.run(BatchingExecutor.scala:91)
	at akka.dispatch.TaskInvocation.run(AbstractDispatcher.scala:40)
	at akka.dispatch.ForkJoinExecutorConfigurator$AkkaForkJoinTask.exec(ForkJoinExecutorConfigurator.scala:44)
	at akka.dispatch.forkjoin.ForkJoinTask.doExec(ForkJoinTask.java:260)
	at akka.dispatch.forkjoin.ForkJoinPool$WorkQueue.runTask(ForkJoinPool.java:1339)
	at akka.dispatch.forkjoin.ForkJoinPool.runWorker(ForkJoinPool.java:1979)
	at akka.dispatch.forkjoin.ForkJoinWorkerThread.run(ForkJoinWorkerThread.java:107)
Caused by: java.util.concurrent.CompletionException: javax.persistence.NoResultException: No entity found for query
	at java.util.concurrent.CompletableFuture.encodeThrowable(CompletableFuture.java:273)
	at java.util.concurrent.CompletableFuture.completeThrowable(CompletableFuture.java:280)
	at java.util.concurrent.CompletableFuture$AsyncSupply.run(CompletableFuture.java:1592)
	at akka.dispatch.TaskInvocation.run(AbstractDispatcher.scala:40)
	at java.util.concurrent.ThreadPoolExecutor.runWorker(ThreadPoolExecutor.java:1149)
	at java.util.concurrent.ThreadPoolExecutor$Worker.run(ThreadPoolExecutor.java:624)
	at java.lang.Thread.run(Thread.java:748)
Caused by: javax.persistence.NoResultException: No entity found for query
	at org.hibernate.query.internal.AbstractProducedQuery.getSingleResult(AbstractProducedQuery.java:1465)
	at infrastructure.repository.VehiculoRepositoryImpl.select(VehiculoRepositoryImpl.java:71)
	at infrastructure.repository.VehiculoRepositoryImpl.lambda$null$8(VehiculoRepositoryImpl.java:46)
	at play.db.jpa.DefaultJPAApi.withTransaction(DefaultJPAApi.java:142)
	at play.db.jpa.DefaultJPAApi.withTransaction(DefaultJPAApi.java:100)
	at infrastructure.repository.VehiculoRepositoryImpl.wrap(VehiculoRepositoryImpl.java:50)
	at infrastructure.repository.VehiculoRepositoryImpl.lambda$select$9(VehiculoRepositoryImpl.java:46)
	at java.util.concurrent.CompletableFuture$AsyncSupply.run(CompletableFuture.java:1590)
	... 4 common frames omitted
2019-01-09 10:54:54,102 [INFO] from application in application-akka.actor.default-dispatcher-9 - Shutting down connection pool.
2019-01-09 10:54:54,225 [INFO] from play.api.db.DefaultDBApi in play-dev-mode-akka.actor.default-dispatcher-16 - Database [default] initialized at jdbc:mysql://localhost:3306/prueba?serverTimezone=UTC
2019-01-09 10:54:54,225 [INFO] from application in play-dev-mode-akka.actor.default-dispatcher-16 - Creating Pool for datasource 'default'
2019-01-09 10:54:54,230 [INFO] from play.api.db.HikariCPConnectionPool in play-dev-mode-akka.actor.default-dispatcher-16 - datasource [default] bound to JNDI as DefaultDS
2019-01-09 10:54:54,354 [INFO] from play.api.http.EnabledFilters in play-dev-mode-akka.actor.default-dispatcher-16 - Enabled Filters (see <https://www.playframework.com/documentation/latest/Filters>):

    play.filters.csrf.CSRFFilter
    play.filters.headers.SecurityHeadersFilter
    play.filters.hosts.AllowedHostsFilter

2019-01-09 10:54:54,359 [INFO] from play.api.Play in play-dev-mode-akka.actor.default-dispatcher-16 - Application started (Dev)
2019-01-09 10:55:20,569 [INFO] from application in application-akka.actor.default-dispatcher-8 - Shutting down connection pool.
2019-01-09 10:55:20,662 [INFO] from play.api.db.DefaultDBApi in play-dev-mode-akka.actor.default-dispatcher-17 - Database [default] initialized at jdbc:mysql://localhost:3306/prueba?serverTimezone=UTC
2019-01-09 10:55:20,662 [INFO] from application in play-dev-mode-akka.actor.default-dispatcher-17 - Creating Pool for datasource 'default'
2019-01-09 10:55:20,666 [INFO] from play.api.db.HikariCPConnectionPool in play-dev-mode-akka.actor.default-dispatcher-17 - datasource [default] bound to JNDI as DefaultDS
2019-01-09 10:55:20,817 [INFO] from play.api.http.EnabledFilters in play-dev-mode-akka.actor.default-dispatcher-17 - Enabled Filters (see <https://www.playframework.com/documentation/latest/Filters>):

    play.filters.csrf.CSRFFilter
    play.filters.headers.SecurityHeadersFilter
    play.filters.hosts.AllowedHostsFilter

2019-01-09 10:55:20,822 [INFO] from play.api.Play in play-dev-mode-akka.actor.default-dispatcher-17 - Application started (Dev)
2019-01-09 10:55:39,639 [INFO] from application in application-akka.actor.default-dispatcher-5 - Shutting down connection pool.
2019-01-09 10:55:39,734 [INFO] from play.api.db.DefaultDBApi in play-dev-mode-akka.actor.default-dispatcher-17 - Database [default] initialized at jdbc:mysql://localhost:3306/prueba?serverTimezone=UTC
2019-01-09 10:55:39,735 [INFO] from application in play-dev-mode-akka.actor.default-dispatcher-17 - Creating Pool for datasource 'default'
2019-01-09 10:55:39,740 [INFO] from play.api.db.HikariCPConnectionPool in play-dev-mode-akka.actor.default-dispatcher-17 - datasource [default] bound to JNDI as DefaultDS
2019-01-09 10:55:39,872 [INFO] from play.api.http.EnabledFilters in play-dev-mode-akka.actor.default-dispatcher-17 - Enabled Filters (see <https://www.playframework.com/documentation/latest/Filters>):

    play.filters.csrf.CSRFFilter
    play.filters.headers.SecurityHeadersFilter
    play.filters.hosts.AllowedHostsFilter

2019-01-09 10:55:39,875 [INFO] from play.api.Play in play-dev-mode-akka.actor.default-dispatcher-17 - Application started (Dev)
2019-01-09 10:56:08,111 [INFO] from application in application-akka.actor.default-dispatcher-8 - Shutting down connection pool.
2019-01-09 10:56:08,194 [INFO] from play.api.db.DefaultDBApi in play-dev-mode-akka.actor.default-dispatcher-17 - Database [default] initialized at jdbc:mysql://localhost:3306/prueba?serverTimezone=UTC
2019-01-09 10:56:08,194 [INFO] from application in play-dev-mode-akka.actor.default-dispatcher-17 - Creating Pool for datasource 'default'
2019-01-09 10:56:08,200 [INFO] from play.api.db.HikariCPConnectionPool in play-dev-mode-akka.actor.default-dispatcher-17 - datasource [default] bound to JNDI as DefaultDS
2019-01-09 10:56:08,329 [INFO] from play.api.http.EnabledFilters in play-dev-mode-akka.actor.default-dispatcher-17 - Enabled Filters (see <https://www.playframework.com/documentation/latest/Filters>):

    play.filters.csrf.CSRFFilter
    play.filters.headers.SecurityHeadersFilter
    play.filters.hosts.AllowedHostsFilter

2019-01-09 10:56:08,333 [INFO] from play.api.Play in play-dev-mode-akka.actor.default-dispatcher-17 - Application started (Dev)
